<?xml version="1.0" encoding="UTF-8"?>
<testsuite xmlns:xsi="http://www.w3.org/2001/XMLSchema-instance" xsi:noNamespaceSchemaLocation="https://maven.apache.org/surefire/maven-surefire-plugin/xsd/surefire-test-report.xsd" name="com.one.OldCenterApplicationTests" time="6.251" tests="1" errors="0" skipped="0" failures="0">
  <properties>
    <property name="sun.desktop" value="windows"/>
    <property name="awt.toolkit" value="sun.awt.windows.WToolkit"/>
    <property name="file.encoding.pkg" value="sun.io"/>
    <property name="java.specification.version" value="1.8"/>
    <property name="sun.cpu.isalist" value="amd64"/>
    <property name="sun.jnu.encoding" value="GBK"/>
    <property name="java.class.path" value="D:\IdeaDownload\workspace\OldCenter\target\test-classes;D:\IdeaDownload\workspace\OldCenter\target\classes;D:\MavenRepository\com\alibaba\druid-spring-boot-starter\1.1.13\druid-spring-boot-starter-1.1.13.jar;D:\MavenRepository\org\slf4j\slf4j-api\1.7.32\slf4j-api-1.7.32.jar;D:\MavenRepository\org\springframework\boot\spring-boot-autoconfigure\2.5.7\spring-boot-autoconfigure-2.5.7.jar;D:\MavenRepository\com\github\pagehelper\pagehelper-spring-boot-starter\1.2.3\pagehelper-spring-boot-starter-1.2.3.jar;D:\MavenRepository\org\springframework\boot\spring-boot-starter\2.5.7\spring-boot-starter-2.5.7.jar;D:\MavenRepository\org\springframework\boot\spring-boot-starter-logging\2.5.7\spring-boot-starter-logging-2.5.7.jar;D:\MavenRepository\ch\qos\logback\logback-classic\1.2.7\logback-classic-1.2.7.jar;D:\MavenRepository\ch\qos\logback\logback-core\1.2.7\logback-core-1.2.7.jar;D:\MavenRepository\org\apache\logging\log4j\log4j-to-slf4j\2.14.1\log4j-to-slf4j-2.14.1.jar;D:\MavenRepository\org\apache\logging\log4j\log4j-api\2.14.1\log4j-api-2.14.1.jar;D:\MavenRepository\org\slf4j\jul-to-slf4j\1.7.32\jul-to-slf4j-1.7.32.jar;D:\MavenRepository\jakarta\annotation\jakarta.annotation-api\1.3.5\jakarta.annotation-api-1.3.5.jar;D:\MavenRepository\org\yaml\snakeyaml\1.28\snakeyaml-1.28.jar;D:\MavenRepository\com\github\pagehelper\pagehelper-spring-boot-autoconfigure\1.2.3\pagehelper-spring-boot-autoconfigure-1.2.3.jar;D:\MavenRepository\com\github\pagehelper\pagehelper\5.1.2\pagehelper-5.1.2.jar;D:\MavenRepository\com\github\jsqlparser\jsqlparser\1.0\jsqlparser-1.0.jar;D:\MavenRepository\org\springframework\boot\spring-boot-starter-web\2.5.7\spring-boot-starter-web-2.5.7.jar;D:\MavenRepository\org\springframework\boot\spring-boot-starter-json\2.5.7\spring-boot-starter-json-2.5.7.jar;D:\MavenRepository\com\fasterxml\jackson\core\jackson-databind\2.12.5\jackson-databind-2.12.5.jar;D:\MavenRepository\com\fasterxml\jackson\core\jackson-annotations\2.12.5\jackson-annotations-2.12.5.jar;D:\MavenRepository\com\fasterxml\jackson\core\jackson-core\2.12.5\jackson-core-2.12.5.jar;D:\MavenRepository\com\fasterxml\jackson\datatype\jackson-datatype-jdk8\2.12.5\jackson-datatype-jdk8-2.12.5.jar;D:\MavenRepository\com\fasterxml\jackson\datatype\jackson-datatype-jsr310\2.12.5\jackson-datatype-jsr310-2.12.5.jar;D:\MavenRepository\com\fasterxml\jackson\module\jackson-module-parameter-names\2.12.5\jackson-module-parameter-names-2.12.5.jar;D:\MavenRepository\org\springframework\boot\spring-boot-starter-tomcat\2.5.7\spring-boot-starter-tomcat-2.5.7.jar;D:\MavenRepository\org\apache\tomcat\embed\tomcat-embed-core\9.0.55\tomcat-embed-core-9.0.55.jar;D:\MavenRepository\org\apache\tomcat\embed\tomcat-embed-el\9.0.55\tomcat-embed-el-9.0.55.jar;D:\MavenRepository\org\apache\tomcat\embed\tomcat-embed-websocket\9.0.55\tomcat-embed-websocket-9.0.55.jar;D:\MavenRepository\org\springframework\spring-web\5.3.13\spring-web-5.3.13.jar;D:\MavenRepository\org\springframework\spring-beans\5.3.13\spring-beans-5.3.13.jar;D:\MavenRepository\org\springframework\spring-webmvc\5.3.13\spring-webmvc-5.3.13.jar;D:\MavenRepository\org\springframework\spring-aop\5.3.13\spring-aop-5.3.13.jar;D:\MavenRepository\org\springframework\spring-context\5.3.13\spring-context-5.3.13.jar;D:\MavenRepository\org\springframework\spring-expression\5.3.13\spring-expression-5.3.13.jar;D:\MavenRepository\org\springframework\boot\spring-boot-devtools\2.5.7\spring-boot-devtools-2.5.7.jar;D:\MavenRepository\org\springframework\boot\spring-boot\2.5.7\spring-boot-2.5.7.jar;D:\MavenRepository\mysql\mysql-connector-java\8.0.27\mysql-connector-java-8.0.27.jar;D:\MavenRepository\org\springframework\boot\spring-boot-starter-test\2.5.7\spring-boot-starter-test-2.5.7.jar;D:\MavenRepository\org\springframework\boot\spring-boot-test\2.5.7\spring-boot-test-2.5.7.jar;D:\MavenRepository\org\springframework\boot\spring-boot-test-autoconfigure\2.5.7\spring-boot-test-autoconfigure-2.5.7.jar;D:\MavenRepository\com\jayway\jsonpath\json-path\2.5.0\json-path-2.5.0.jar;D:\MavenRepository\net\minidev\json-smart\2.4.7\json-smart-2.4.7.jar;D:\MavenRepository\net\minidev\accessors-smart\2.4.7\accessors-smart-2.4.7.jar;D:\MavenRepository\org\ow2\asm\asm\9.1\asm-9.1.jar;D:\MavenRepository\jakarta\xml\bind\jakarta.xml.bind-api\2.3.3\jakarta.xml.bind-api-2.3.3.jar;D:\MavenRepository\jakarta\activation\jakarta.activation-api\1.2.2\jakarta.activation-api-1.2.2.jar;D:\MavenRepository\org\assertj\assertj-core\3.19.0\assertj-core-3.19.0.jar;D:\MavenRepository\org\hamcrest\hamcrest\2.2\hamcrest-2.2.jar;D:\MavenRepository\org\junit\jupiter\junit-jupiter\5.7.2\junit-jupiter-5.7.2.jar;D:\MavenRepository\org\junit\jupiter\junit-jupiter-api\5.7.2\junit-jupiter-api-5.7.2.jar;D:\MavenRepository\org\apiguardian\apiguardian-api\1.1.0\apiguardian-api-1.1.0.jar;D:\MavenRepository\org\opentest4j\opentest4j\1.2.0\opentest4j-1.2.0.jar;D:\MavenRepository\org\junit\platform\junit-platform-commons\1.7.2\junit-platform-commons-1.7.2.jar;D:\MavenRepository\org\junit\jupiter\junit-jupiter-params\5.7.2\junit-jupiter-params-5.7.2.jar;D:\MavenRepository\org\junit\jupiter\junit-jupiter-engine\5.7.2\junit-jupiter-engine-5.7.2.jar;D:\MavenRepository\org\junit\platform\junit-platform-engine\1.7.2\junit-platform-engine-1.7.2.jar;D:\MavenRepository\org\mockito\mockito-core\3.9.0\mockito-core-3.9.0.jar;D:\MavenRepository\net\bytebuddy\byte-buddy\1.10.22\byte-buddy-1.10.22.jar;D:\MavenRepository\net\bytebuddy\byte-buddy-agent\1.10.22\byte-buddy-agent-1.10.22.jar;D:\MavenRepository\org\objenesis\objenesis\3.2\objenesis-3.2.jar;D:\MavenRepository\org\mockito\mockito-junit-jupiter\3.9.0\mockito-junit-jupiter-3.9.0.jar;D:\MavenRepository\org\skyscreamer\jsonassert\1.5.0\jsonassert-1.5.0.jar;D:\MavenRepository\com\vaadin\external\google\android-json\0.0.20131108.vaadin1\android-json-0.0.20131108.vaadin1.jar;D:\MavenRepository\org\springframework\spring-core\5.3.13\spring-core-5.3.13.jar;D:\MavenRepository\org\springframework\spring-jcl\5.3.13\spring-jcl-5.3.13.jar;D:\MavenRepository\org\springframework\spring-test\5.3.13\spring-test-5.3.13.jar;D:\MavenRepository\org\xmlunit\xmlunit-core\2.8.3\xmlunit-core-2.8.3.jar;D:\MavenRepository\com\alibaba\druid\1.2.5\druid-1.2.5.jar;D:\MavenRepository\org\projectlombok\lombok\1.18.22\lombok-1.18.22.jar;D:\MavenRepository\org\mybatis\spring\boot\mybatis-spring-boot-starter\2.2.0\mybatis-spring-boot-starter-2.2.0.jar;D:\MavenRepository\org\springframework\boot\spring-boot-starter-jdbc\2.5.7\spring-boot-starter-jdbc-2.5.7.jar;D:\MavenRepository\com\zaxxer\HikariCP\4.0.3\HikariCP-4.0.3.jar;D:\MavenRepository\org\springframework\spring-jdbc\5.3.13\spring-jdbc-5.3.13.jar;D:\MavenRepository\org\springframework\spring-tx\5.3.13\spring-tx-5.3.13.jar;D:\MavenRepository\org\mybatis\spring\boot\mybatis-spring-boot-autoconfigure\2.2.0\mybatis-spring-boot-autoconfigure-2.2.0.jar;D:\MavenRepository\org\mybatis\mybatis\3.5.7\mybatis-3.5.7.jar;D:\MavenRepository\org\mybatis\mybatis-spring\2.0.6\mybatis-spring-2.0.6.jar;"/>
    <property name="java.vm.vendor" value="Oracle Corporation"/>
    <property name="sun.arch.data.model" value="64"/>
    <property name="user.variant" value=""/>
    <property name="java.vendor.url" value="http://java.oracle.com/"/>
    <property name="user.timezone" value="Asia/Shanghai"/>
    <property name="java.vm.specification.version" value="1.8"/>
    <property name="os.name" value="Windows 10"/>
    <property name="user.country" value="CN"/>
    <property name="sun.java.launcher" value="SUN_STANDARD"/>
    <property name="sun.boot.library.path" value="D:\Profession\jdk\jdk1.8.0_73\jre\bin"/>
    <property name="sun.java.command" value="C:\Users\Lenovo\AppData\Local\Temp\surefire894389471982446886\surefirebooter5972425348074600448.jar C:\Users\Lenovo\AppData\Local\Temp\surefire894389471982446886 2021-12-11T00-54-38_322-jvmRun1 surefire2208899679313949825tmp surefire_0495481809004347356tmp"/>
    <property name="surefire.test.class.path" value="D:\IdeaDownload\workspace\OldCenter\target\test-classes;D:\IdeaDownload\workspace\OldCenter\target\classes;D:\MavenRepository\com\alibaba\druid-spring-boot-starter\1.1.13\druid-spring-boot-starter-1.1.13.jar;D:\MavenRepository\org\slf4j\slf4j-api\1.7.32\slf4j-api-1.7.32.jar;D:\MavenRepository\org\springframework\boot\spring-boot-autoconfigure\2.5.7\spring-boot-autoconfigure-2.5.7.jar;D:\MavenRepository\com\github\pagehelper\pagehelper-spring-boot-starter\1.2.3\pagehelper-spring-boot-starter-1.2.3.jar;D:\MavenRepository\org\springframework\boot\spring-boot-starter\2.5.7\spring-boot-starter-2.5.7.jar;D:\MavenRepository\org\springframework\boot\spring-boot-starter-logging\2.5.7\spring-boot-starter-logging-2.5.7.jar;D:\MavenRepository\ch\qos\logback\logback-classic\1.2.7\logback-classic-1.2.7.jar;D:\MavenRepository\ch\qos\logback\logback-core\1.2.7\logback-core-1.2.7.jar;D:\MavenRepository\org\apache\logging\log4j\log4j-to-slf4j\2.14.1\log4j-to-slf4j-2.14.1.jar;D:\MavenRepository\org\apache\logging\log4j\log4j-api\2.14.1\log4j-api-2.14.1.jar;D:\MavenRepository\org\slf4j\jul-to-slf4j\1.7.32\jul-to-slf4j-1.7.32.jar;D:\MavenRepository\jakarta\annotation\jakarta.annotation-api\1.3.5\jakarta.annotation-api-1.3.5.jar;D:\MavenRepository\org\yaml\snakeyaml\1.28\snakeyaml-1.28.jar;D:\MavenRepository\com\github\pagehelper\pagehelper-spring-boot-autoconfigure\1.2.3\pagehelper-spring-boot-autoconfigure-1.2.3.jar;D:\MavenRepository\com\github\pagehelper\pagehelper\5.1.2\pagehelper-5.1.2.jar;D:\MavenRepository\com\github\jsqlparser\jsqlparser\1.0\jsqlparser-1.0.jar;D:\MavenRepository\org\springframework\boot\spring-boot-starter-web\2.5.7\spring-boot-starter-web-2.5.7.jar;D:\MavenRepository\org\springframework\boot\spring-boot-starter-json\2.5.7\spring-boot-starter-json-2.5.7.jar;D:\MavenRepository\com\fasterxml\jackson\core\jackson-databind\2.12.5\jackson-databind-2.12.5.jar;D:\MavenRepository\com\fasterxml\jackson\core\jackson-annotations\2.12.5\jackson-annotations-2.12.5.jar;D:\MavenRepository\com\fasterxml\jackson\core\jackson-core\2.12.5\jackson-core-2.12.5.jar;D:\MavenRepository\com\fasterxml\jackson\datatype\jackson-datatype-jdk8\2.12.5\jackson-datatype-jdk8-2.12.5.jar;D:\MavenRepository\com\fasterxml\jackson\datatype\jackson-datatype-jsr310\2.12.5\jackson-datatype-jsr310-2.12.5.jar;D:\MavenRepository\com\fasterxml\jackson\module\jackson-module-parameter-names\2.12.5\jackson-module-parameter-names-2.12.5.jar;D:\MavenRepository\org\springframework\boot\spring-boot-starter-tomcat\2.5.7\spring-boot-starter-tomcat-2.5.7.jar;D:\MavenRepository\org\apache\tomcat\embed\tomcat-embed-core\9.0.55\tomcat-embed-core-9.0.55.jar;D:\MavenRepository\org\apache\tomcat\embed\tomcat-embed-el\9.0.55\tomcat-embed-el-9.0.55.jar;D:\MavenRepository\org\apache\tomcat\embed\tomcat-embed-websocket\9.0.55\tomcat-embed-websocket-9.0.55.jar;D:\MavenRepository\org\springframework\spring-web\5.3.13\spring-web-5.3.13.jar;D:\MavenRepository\org\springframework\spring-beans\5.3.13\spring-beans-5.3.13.jar;D:\MavenRepository\org\springframework\spring-webmvc\5.3.13\spring-webmvc-5.3.13.jar;D:\MavenRepository\org\springframework\spring-aop\5.3.13\spring-aop-5.3.13.jar;D:\MavenRepository\org\springframework\spring-context\5.3.13\spring-context-5.3.13.jar;D:\MavenRepository\org\springframework\spring-expression\5.3.13\spring-expression-5.3.13.jar;D:\MavenRepository\org\springframework\boot\spring-boot-devtools\2.5.7\spring-boot-devtools-2.5.7.jar;D:\MavenRepository\org\springframework\boot\spring-boot\2.5.7\spring-boot-2.5.7.jar;D:\MavenRepository\mysql\mysql-connector-java\8.0.27\mysql-connector-java-8.0.27.jar;D:\MavenRepository\org\springframework\boot\spring-boot-starter-test\2.5.7\spring-boot-starter-test-2.5.7.jar;D:\MavenRepository\org\springframework\boot\spring-boot-test\2.5.7\spring-boot-test-2.5.7.jar;D:\MavenRepository\org\springframework\boot\spring-boot-test-autoconfigure\2.5.7\spring-boot-test-autoconfigure-2.5.7.jar;D:\MavenRepository\com\jayway\jsonpath\json-path\2.5.0\json-path-2.5.0.jar;D:\MavenRepository\net\minidev\json-smart\2.4.7\json-smart-2.4.7.jar;D:\MavenRepository\net\minidev\accessors-smart\2.4.7\accessors-smart-2.4.7.jar;D:\MavenRepository\org\ow2\asm\asm\9.1\asm-9.1.jar;D:\MavenRepository\jakarta\xml\bind\jakarta.xml.bind-api\2.3.3\jakarta.xml.bind-api-2.3.3.jar;D:\MavenRepository\jakarta\activation\jakarta.activation-api\1.2.2\jakarta.activation-api-1.2.2.jar;D:\MavenRepository\org\assertj\assertj-core\3.19.0\assertj-core-3.19.0.jar;D:\MavenRepository\org\hamcrest\hamcrest\2.2\hamcrest-2.2.jar;D:\MavenRepository\org\junit\jupiter\junit-jupiter\5.7.2\junit-jupiter-5.7.2.jar;D:\MavenRepository\org\junit\jupiter\junit-jupiter-api\5.7.2\junit-jupiter-api-5.7.2.jar;D:\MavenRepository\org\apiguardian\apiguardian-api\1.1.0\apiguardian-api-1.1.0.jar;D:\MavenRepository\org\opentest4j\opentest4j\1.2.0\opentest4j-1.2.0.jar;D:\MavenRepository\org\junit\platform\junit-platform-commons\1.7.2\junit-platform-commons-1.7.2.jar;D:\MavenRepository\org\junit\jupiter\junit-jupiter-params\5.7.2\junit-jupiter-params-5.7.2.jar;D:\MavenRepository\org\junit\jupiter\junit-jupiter-engine\5.7.2\junit-jupiter-engine-5.7.2.jar;D:\MavenRepository\org\junit\platform\junit-platform-engine\1.7.2\junit-platform-engine-1.7.2.jar;D:\MavenRepository\org\mockito\mockito-core\3.9.0\mockito-core-3.9.0.jar;D:\MavenRepository\net\bytebuddy\byte-buddy\1.10.22\byte-buddy-1.10.22.jar;D:\MavenRepository\net\bytebuddy\byte-buddy-agent\1.10.22\byte-buddy-agent-1.10.22.jar;D:\MavenRepository\org\objenesis\objenesis\3.2\objenesis-3.2.jar;D:\MavenRepository\org\mockito\mockito-junit-jupiter\3.9.0\mockito-junit-jupiter-3.9.0.jar;D:\MavenRepository\org\skyscreamer\jsonassert\1.5.0\jsonassert-1.5.0.jar;D:\MavenRepository\com\vaadin\external\google\android-json\0.0.20131108.vaadin1\android-json-0.0.20131108.vaadin1.jar;D:\MavenRepository\org\springframework\spring-core\5.3.13\spring-core-5.3.13.jar;D:\MavenRepository\org\springframework\spring-jcl\5.3.13\spring-jcl-5.3.13.jar;D:\MavenRepository\org\springframework\spring-test\5.3.13\spring-test-5.3.13.jar;D:\MavenRepository\org\xmlunit\xmlunit-core\2.8.3\xmlunit-core-2.8.3.jar;D:\MavenRepository\com\alibaba\druid\1.2.5\druid-1.2.5.jar;D:\MavenRepository\org\projectlombok\lombok\1.18.22\lombok-1.18.22.jar;D:\MavenRepository\org\mybatis\spring\boot\mybatis-spring-boot-starter\2.2.0\mybatis-spring-boot-starter-2.2.0.jar;D:\MavenRepository\org\springframework\boot\spring-boot-starter-jdbc\2.5.7\spring-boot-starter-jdbc-2.5.7.jar;D:\MavenRepository\com\zaxxer\HikariCP\4.0.3\HikariCP-4.0.3.jar;D:\MavenRepository\org\springframework\spring-jdbc\5.3.13\spring-jdbc-5.3.13.jar;D:\MavenRepository\org\springframework\spring-tx\5.3.13\spring-tx-5.3.13.jar;D:\MavenRepository\org\mybatis\spring\boot\mybatis-spring-boot-autoconfigure\2.2.0\mybatis-spring-boot-autoconfigure-2.2.0.jar;D:\MavenRepository\org\mybatis\mybatis\3.5.7\mybatis-3.5.7.jar;D:\MavenRepository\org\mybatis\mybatis-spring\2.0.6\mybatis-spring-2.0.6.jar;"/>
    <property name="sun.cpu.endian" value="little"/>
    <property name="user.home" value="C:\Users\Lenovo"/>
    <property name="user.language" value="zh"/>
    <property name="java.specification.vendor" value="Oracle Corporation"/>
    <property name="java.home" value="D:\Profession\jdk\jdk1.8.0_73\jre"/>
    <property name="basedir" value="D:\IdeaDownload\workspace\OldCenter"/>
    <property name="file.separator" value="\"/>
    <property name="line.separator" value="&#10;"/>
    <property name="java.vm.specification.vendor" value="Oracle Corporation"/>
    <property name="java.specification.name" value="Java Platform API Specification"/>
    <property name="java.awt.graphicsenv" value="sun.awt.Win32GraphicsEnvironment"/>
    <property name="surefire.real.class.path" value="C:\Users\Lenovo\AppData\Local\Temp\surefire894389471982446886\surefirebooter5972425348074600448.jar"/>
    <property name="sun.boot.class.path" value="D:\Profession\jdk\jdk1.8.0_73\jre\lib\resources.jar;D:\Profession\jdk\jdk1.8.0_73\jre\lib\rt.jar;D:\Profession\jdk\jdk1.8.0_73\jre\lib\sunrsasign.jar;D:\Profession\jdk\jdk1.8.0_73\jre\lib\jsse.jar;D:\Profession\jdk\jdk1.8.0_73\jre\lib\jce.jar;D:\Profession\jdk\jdk1.8.0_73\jre\lib\charsets.jar;D:\Profession\jdk\jdk1.8.0_73\jre\lib\jfr.jar;D:\Profession\jdk\jdk1.8.0_73\jre\classes"/>
    <property name="user.script" value=""/>
    <property name="sun.management.compiler" value="HotSpot 64-Bit Tiered Compilers"/>
    <property name="java.runtime.version" value="1.8.0_73-b02"/>
    <property name="user.name" value="Lenovo"/>
    <property name="path.separator" value=";"/>
    <property name="os.version" value="10.0"/>
    <property name="java.endorsed.dirs" value="D:\Profession\jdk\jdk1.8.0_73\jre\lib\endorsed"/>
    <property name="java.runtime.name" value="Java(TM) SE Runtime Environment"/>
    <property name="file.encoding" value="GBK"/>
    <property name="java.vm.name" value="Java HotSpot(TM) 64-Bit Server VM"/>
    <property name="localRepository" value="D:\MavenRepository"/>
    <property name="java.vendor.url.bug" value="http://bugreport.sun.com/bugreport/"/>
    <property name="java.io.tmpdir" value="C:\Users\Lenovo\AppData\Local\Temp\"/>
    <property name="idea.version" value="2020.3.3"/>
    <property name="java.version" value="1.8.0_73"/>
    <property name="user.dir" value="D:\IdeaDownload\workspace\OldCenter"/>
    <property name="os.arch" value="amd64"/>
    <property name="java.vm.specification.name" value="Java Virtual Machine Specification"/>
    <property name="java.awt.printerjob" value="sun.awt.windows.WPrinterJob"/>
    <property name="sun.os.patch.level" value=""/>
    <property name="java.library.path" value="D:\Profession\jdk\jdk1.8.0_73\jre\bin;C:\windows\Sun\Java\bin;C:\windows\system32;C:\windows;C:\Windows\system32;C:\Windows;C:\Windows\System32\Wbem;C:\Windows\System32\WindowsPowerShell\v1.0\;C:\Windows\System32\OpenSSH\;D:\Profession\jdk\jdk1.8.0_73\bin;D:\Profession\mysql\MysqlDownload\bin;D:\Tomcat\apache-tomcat-9.0.36\bin;D:\Profession\apache-maven-3.8.3-bin\apache-maven-3.8.3\bin;D:\XShellDownload\;C:\Program Files\dotnet\;C:\Program Files\Microsoft SQL Server\Client SDK\ODBC\170\Tools\Binn\;C:\Program Files (x86)\Microsoft SQL Server\150\Tools\Binn\;C:\Program Files\Microsoft SQL Server\150\Tools\Binn\;C:\Program Files\Microsoft SQL Server\150\DTS\Binn\;D:\SqlServerDownLoad\Program Files (x86)\Microsoft SQL Server\100\Tools\Binn\;D:\SqlServerDownLoad\Program Files\Microsoft SQL Server\100\Tools\Binn\;D:\SqlServerDownLoad\Program Files\Microsoft SQL Server\100\DTS\Binn\;D:\SqlServerDownLoad\Program Files (x86)\Microsoft SQL Server\100\Tools\Binn\VSShell\Common7\IDE\;C:\Program Files (x86)\Microsoft Visual Studio 9.0\Common7\IDE\PrivateAssemblies\;D:\SqlServerDownLoad\Program Files (x86)\Microsoft SQL Server\100\DTS\Binn\;C:\Users\Lenovo\AppData\Local\Microsoft\WindowsApps;;D:\IdeaDownload\IntelliJ IDEA 2021.2.3\bin;;D:\PycharmDownload\PyCharm 2021.2.3\bin;;D:\WebStormDownload\WebStorm 2021.2.3\bin;;C:\Users\Lenovo\.dotnet\tools;."/>
    <property name="java.vm.info" value="mixed mode"/>
    <property name="java.vendor" value="Oracle Corporation"/>
    <property name="java.vm.version" value="25.73-b02"/>
    <property name="java.ext.dirs" value="D:\Profession\jdk\jdk1.8.0_73\jre\lib\ext;C:\windows\Sun\Java\lib\ext"/>
    <property name="sun.io.unicode.encoding" value="UnicodeLittle"/>
    <property name="maven.repo.local" value="D:\MavenRepository"/>
    <property name="java.class.version" value="52.0"/>
  </properties>
  <testcase name="contextLoads" classname="com.one.OldCenterApplicationTests" time="0.382"/>
</testsuite>